2024-12-16 10:04:45.787 | INFO     | __main__:main:30 - Starting the training script.
2024-12-16 10:04:45.788 | INFO     | __main__:load_config:15 - Loading configuration from config/config_training.yaml
2024-12-16 10:04:45.789 | SUCCESS  | __main__:load_config:19 - Configuration loaded successfully.
2024-12-16 10:04:45.790 | INFO     | __main__:main:42 - Loading dataset from data/processed/processed_data.csv
2024-12-16 10:04:45.814 | SUCCESS  | __main__:main:44 - Dataset loaded successfully.
2024-12-16 10:04:45.814 | INFO     | __main__:main:51 - Separating features and target column 'Churn'
2024-12-16 10:04:45.815 | INFO     | __main__:main:58 - Splitting dataset into training and testing sets.
2024-12-16 10:04:45.818 | SUCCESS  | __main__:main:63 - Dataset split successfully.
2024-12-16 10:04:45.819 | INFO     | __main__:main:71 - Creating model 'logistic_regression' with parameters: {'penalty': 'l2', 'solver': 'lbfgs', 'max_iter': 1000}
2024-12-16 10:04:45.820 | SUCCESS  | __main__:main:74 - Model 'logistic_regression' created successfully.
2024-12-16 10:04:45.820 | INFO     | __main__:main:80 - Training the model...
2024-12-16 10:04:46.151 | SUCCESS  | __main__:main:83 - Model trained successfully.
2024-12-16 10:04:46.152 | INFO     | __main__:main:89 - Evaluating the model...
2024-12-16 10:04:46.157 | SUCCESS  | __main__:main:92 - Model evaluated successfully. Metrics: {'accuracy': 0.8211497515968772, 'precision': 0.6838905775075987, 'recall': 0.6032171581769437}
2024-12-16 10:04:46.159 | SUCCESS  | __main__:main:103 - Model saved at models/logistic_regression_model.pkl
2024-12-16 10:06:08.666 | INFO     | __main__:main:30 - Starting the training script.
2024-12-16 10:06:08.666 | INFO     | __main__:load_config:15 - Loading configuration from config/config_training.yaml
2024-12-16 10:06:08.667 | SUCCESS  | __main__:load_config:19 - Configuration loaded successfully.
2024-12-16 10:06:08.668 | INFO     | __main__:main:42 - Loading dataset from data/processed/processed_data.csv
2024-12-16 10:06:08.669 | ERROR    | __main__:main:46 - Failed to load dataset: [Errno 2] No such file or directory: 'data/processed/processed_data.csv'
2024-12-16 10:07:24.852 | INFO     | __main__:main:30 - Starting the training script.
2024-12-16 10:07:24.853 | INFO     | __main__:load_config:15 - Loading configuration from config/config_training.yaml
2024-12-16 10:07:24.854 | SUCCESS  | __main__:load_config:19 - Configuration loaded successfully.
2024-12-16 10:07:24.854 | INFO     | __main__:main:42 - Loading dataset from data/processed/processed_data.csv
2024-12-16 10:07:24.855 | ERROR    | __main__:main:46 - Failed to load dataset: [Errno 2] No such file or directory: 'data/processed/processed_data.csv'
2024-12-16 10:08:00.271 | INFO     | __main__:main:30 - Starting the training script.
2024-12-16 10:08:00.272 | INFO     | __main__:load_config:15 - Loading configuration from config/config_training.yaml
2024-12-16 10:08:00.273 | SUCCESS  | __main__:load_config:19 - Configuration loaded successfully.
2024-12-16 10:08:00.273 | INFO     | __main__:main:42 - Loading dataset from data/processed/processed_data.csv
2024-12-16 10:08:00.274 | ERROR    | __main__:main:46 - Failed to load dataset, data is not processed: [Errno 2] No such file or directory: 'data/processed/processed_data.csv'
